<?xml version="1.0" encoding="UTF-8"?>
<!-- Generated by org.testng.reporters.JUnitReportReporter -->
<testsuite hostname="HoangHiep" failures="0" tests="8" name="hybrid.nopcommerce.user.NopCommerce_Search" time="12.648" errors="0" timestamp="18 Oct 2022 15:21:35 GMT" skipped="0">
  <testcase classname="hybrid.nopcommerce.user.NopCommerce_Search" name="TC_01_Search_Empty_Data" time="2.096"/>
  <testcase classname="hybrid.nopcommerce.user.NopCommerce_Search" name="TC_07_Advance_Search_With_Incorrect_Manufacturer" time="1.764"/>
  <testcase classname="hybrid.nopcommerce.user.NopCommerce_Search" name="TC_05_Advance_Search_With_Parent_Category" time="1.482"/>
  <testcase classname="hybrid.nopcommerce.user.NopCommerce_Search" name="TC_08_Advands_Search_With_Parent_Category" time="1.708"/>
  <testcase classname="hybrid.nopcommerce.user.NopCommerce_Search" name="TC_04_Search_With_Product_Name" time="1.140"/>
  <testcase classname="hybrid.nopcommerce.user.NopCommerce_Search" name="TC_02_Search_With_Data_Not_Exsit" time="1.344"/>
  <testcase classname="hybrid.nopcommerce.user.NopCommerce_Search" name="TC_03_Search_With_Product_Name" time="1.520"/>
  <testcase classname="hybrid.nopcommerce.user.NopCommerce_Search" name="TC_06_Advance_Search_With_Sub_Category" time="1.594"/>
</testsuite> <!-- hybrid.nopcommerce.user.NopCommerce_Search -->
